<?xml version="1.0" encoding="UTF-8"?>
<!-- Generated by org.testng.reporters.JUnitReportReporter -->
<testsuite hostname="QSP" failures="0" tests="1" name="validation.Test0" time="6.654" errors="0" timestamp="2022-01-12T08:27:26 IST" skipped="0">
  <testcase classname="validation.Test0" name="tc1" time="6.654"/>
  <system-out/>
</testsuite> <!-- validation.Test0 -->
