<?xml version="1.0" encoding="UTF-8"?>
<!-- Generated by org.testng.reporters.JUnitReportReporter -->
<testsuite hostname="QSP" failures="0" tests="1" name="CURDOperationOnGithub.DeleteOpertaion" time="5.726" errors="0" timestamp="2022-01-08T08:52:00 IST" skipped="0">
  <testcase classname="CURDOperationOnGithub.DeleteOpertaion" name="deleteOperation" time="5.726"/>
  <system-out/>
</testsuite> <!-- CURDOperationOnGithub.DeleteOpertaion -->
