<?xml version="1.0" encoding="UTF-8"?>
<!-- Generated by org.testng.reporters.JUnitReportReporter -->
<testsuite hostname="QSP" failures="0" tests="1" name="CURDoperation.PatchOperation" time="5.952" errors="0" timestamp="2022-01-08T08:28:12 IST" skipped="0">
  <testcase classname="CURDoperation.PatchOperation" name="patchOperation" time="5.952"/>
  <system-out/>
</testsuite> <!-- CURDoperation.PatchOperation -->
