<?xml version="1.0" encoding="UTF-8"?>
<!-- Generated by org.testng.reporters.JUnitReportReporter -->
<testsuite hostname="QSP" failures="0" tests="1" name="parameterization.GetOperation" time="5.822" errors="0" timestamp="2022-01-12T07:47:07 IST" skipped="0">
  <testcase classname="parameterization.GetOperation" name="pathParameter" time="5.822"/>
  <system-out/>
</testsuite> <!-- parameterization.GetOperation -->
