<?xml version="1.0" encoding="UTF-8"?>
<!-- Generated by org.testng.reporters.JUnitReportReporter -->
<testsuite hostname="QSP" failures="0" tests="1" name="CURDOperationOnGithub.PatchOperation" time="6.350" errors="0" timestamp="2022-01-08T08:48:57 IST" skipped="0">
  <testcase classname="CURDOperationOnGithub.PatchOperation" name="patchOperation" time="6.350"/>
  <system-out/>
</testsuite> <!-- CURDOperationOnGithub.PatchOperation -->
