<?xml version="1.0" encoding="UTF-8"?>
<!-- Generated by org.testng.reporters.JUnitReportReporter -->
<testsuite hostname="QSP" failures="0" tests="1" name="CURDoperation.DeleteOperation" time="5.258" errors="0" timestamp="2022-01-08T08:30:15 IST" skipped="0">
  <testcase classname="CURDoperation.DeleteOperation" name="deleteOperation" time="5.258"/>
  <system-out/>
</testsuite> <!-- CURDoperation.DeleteOperation -->
