<?xml version="1.0" encoding="UTF-8"?>
<!-- Generated by org.testng.reporters.JUnitReportReporter -->
<testsuite hostname="QSP" failures="0" tests="1" name="parasers.Deserlaization" time="0.637" errors="0" timestamp="2022-01-13T08:26:09 IST" skipped="0">
  <testcase classname="parasers.Deserlaization" name="tc2" time="0.637"/>
  <system-out/>
</testsuite> <!-- parasers.Deserlaization -->
