<?xml version="1.0" encoding="UTF-8"?>
<!-- Generated by org.testng.reporters.JUnitReportReporter -->
<testsuite hostname="QSP" failures="0" tests="1" name="CURDoperation.PostOperation" time="6.879" errors="0" timestamp="2022-01-07T08:25:40 IST" skipped="0">
  <testcase classname="CURDoperation.PostOperation" name="postOperation" time="6.879"/>
  <system-out/>
</testsuite> <!-- CURDoperation.PostOperation -->
