<?xml version="1.0" encoding="UTF-8"?>
<!-- Generated by org.testng.reporters.JUnitReportReporter -->
<testsuite hostname="QSP" failures="0" tests="1" name="parameterization.QueryParameter" time="5.685" errors="0" timestamp="2022-01-11T08:29:48 IST" skipped="0">
  <testcase classname="parameterization.QueryParameter" name="queryParameters" time="5.685"/>
  <system-out/>
</testsuite> <!-- parameterization.QueryParameter -->
