<?xml version="1.0" encoding="UTF-8"?>
<!-- Generated by org.testng.reporters.JUnitReportReporter -->
<testsuite hostname="QSP" failures="0" tests="1" name="CURDOperationOnGithub.PostOperation" time="7.001" errors="0" timestamp="2022-01-08T08:41:33 IST" skipped="0">
  <testcase classname="CURDOperationOnGithub.PostOperation" name="postOperation" time="7.001"/>
  <system-out/>
</testsuite> <!-- CURDOperationOnGithub.PostOperation -->
