<?xml version="1.0" encoding="UTF-8"?>
<!-- Generated by org.testng.reporters.JUnitReportReporter -->
<testsuite hostname="QSP" failures="0" tests="1" name="CURDoperation.GetOperation" time="6.355" errors="0" timestamp="2022-01-07T08:16:59 IST" skipped="0">
  <testcase classname="CURDoperation.GetOperation" name="getOPeration" time="6.355"/>
  <system-out/>
</testsuite> <!-- CURDoperation.GetOperation -->
