<?xml version="1.0" encoding="UTF-8"?>
<!-- Generated by org.testng.reporters.JUnitReportReporter -->
<testsuite hostname="QSP" failures="0" tests="1" name="database.Test0" time="1.460" errors="0" timestamp="2022-01-15T08:27:22 IST" skipped="0">
  <testcase classname="database.Test0" name="demo" time="1.460"/>
  <system-out/>
</testsuite> <!-- database.Test0 -->
