<?xml version="1.0" encoding="UTF-8"?>
<!-- Generated by org.testng.reporters.JUnitReportReporter -->
<testsuite hostname="QSP" failures="0" tests="1" name="CURDOperationOnGithub.GetOperation" time="5.215" errors="0" timestamp="2022-01-08T08:34:59 IST" skipped="0">
  <testcase classname="CURDOperationOnGithub.GetOperation" name="getOperation" time="5.215"/>
  <system-out/>
</testsuite> <!-- CURDOperationOnGithub.GetOperation -->
