<?xml version="1.0" encoding="UTF-8"?>
<!-- Generated by org.testng.reporters.JUnitReportReporter -->
<testsuite hostname="QSP" failures="0" tests="1" name="parasers.Serialization" time="0.631" errors="0" timestamp="2022-01-13T08:21:38 IST" skipped="0">
  <testcase classname="parasers.Serialization" name="demo" time="0.631"/>
  <system-out/>
</testsuite> <!-- parasers.Serialization -->
